Performing C SOURCE FILE Test CMAKE_HAVE_LIBC_PTHREAD failed with the following output:
Change Dir: /home/tedro/Desktop/semester_2/IVS/proj1/assignment/cmake-build-debug/CMakeFiles/CMakeTmp

Run Build Command(s):/usr/bin/make cmTC_13bb8/fast && /usr/bin/make  -f CMakeFiles/cmTC_13bb8.dir/build.make CMakeFiles/cmTC_13bb8.dir/build
make[1]: Entering directory '/home/tedro/Desktop/D Projekty/VUT/1BIT/semester_2/IVS/proj1/assignment/cmake-build-debug/CMakeFiles/CMakeTmp'
Building C object CMakeFiles/cmTC_13bb8.dir/src.c.o
/usr/bin/cc   -g -O0 -fprofile-arcs -ftest-coverage -DCMAKE_HAVE_LIBC_PTHREAD   -o CMakeFiles/cmTC_13bb8.dir/src.c.o   -c /home/tedro/Desktop/semester_2/IVS/proj1/assignment/cmake-build-debug/CMakeFiles/CMakeTmp/src.c
Linking C executable cmTC_13bb8
/home/tedro/.local/share/JetBrains/Toolbox/apps/CLion/ch-0/203.7148.70/bin/cmake/linux/bin/cmake -E cmake_link_script CMakeFiles/cmTC_13bb8.dir/link.txt --verbose=1
/usr/bin/cc  -g -O0 -fprofile-arcs -ftest-coverage -DCMAKE_HAVE_LIBC_PTHREAD    -rdynamic CMakeFiles/cmTC_13bb8.dir/src.c.o  -o cmTC_13bb8 
/usr/bin/ld: CMakeFiles/cmTC_13bb8.dir/src.c.o: in function `main':
/home/tedro/Desktop/semester_2/IVS/proj1/assignment/cmake-build-debug/CMakeFiles/CMakeTmp/src.c:11: undefined reference to `pthread_create'
/usr/bin/ld: /home/tedro/Desktop/semester_2/IVS/proj1/assignment/cmake-build-debug/CMakeFiles/CMakeTmp/src.c:12: undefined reference to `pthread_detach'
/usr/bin/ld: /home/tedro/Desktop/semester_2/IVS/proj1/assignment/cmake-build-debug/CMakeFiles/CMakeTmp/src.c:13: undefined reference to `pthread_cancel'
/usr/bin/ld: /home/tedro/Desktop/semester_2/IVS/proj1/assignment/cmake-build-debug/CMakeFiles/CMakeTmp/src.c:14: undefined reference to `pthread_join'
collect2: error: ld returned 1 exit status
make[1]: *** [CMakeFiles/cmTC_13bb8.dir/build.make:107: cmTC_13bb8] Error 1
make[1]: Leaving directory '/home/tedro/Desktop/D Projekty/VUT/1BIT/semester_2/IVS/proj1/assignment/cmake-build-debug/CMakeFiles/CMakeTmp'
make: *** [Makefile:141: cmTC_13bb8/fast] Error 2


Source file was:
#include <pthread.h>

void* test_func(void* data)
{
  return data;
}

int main(void)
{
  pthread_t thread;
  pthread_create(&thread, NULL, test_func, NULL);
  pthread_detach(thread);
  pthread_cancel(thread);
  pthread_join(thread, NULL);
  pthread_atfork(NULL, NULL, NULL);
  pthread_exit(NULL);

  return 0;
}

Determining if the function pthread_create exists in the pthreads failed with the following output:
Change Dir: /home/tedro/Desktop/semester_2/IVS/proj1/assignment/cmake-build-debug/CMakeFiles/CMakeTmp

Run Build Command(s):/usr/bin/make cmTC_86edd/fast && /usr/bin/make  -f CMakeFiles/cmTC_86edd.dir/build.make CMakeFiles/cmTC_86edd.dir/build
make[1]: Entering directory '/home/tedro/Desktop/D Projekty/VUT/1BIT/semester_2/IVS/proj1/assignment/cmake-build-debug/CMakeFiles/CMakeTmp'
Building C object CMakeFiles/cmTC_86edd.dir/CheckFunctionExists.c.o
/usr/bin/cc   -g -O0 -fprofile-arcs -ftest-coverage -DCHECK_FUNCTION_EXISTS=pthread_create   -o CMakeFiles/cmTC_86edd.dir/CheckFunctionExists.c.o   -c /home/tedro/.local/share/JetBrains/Toolbox/apps/CLion/ch-0/203.7148.70/bin/cmake/linux/share/cmake-3.17/Modules/CheckFunctionExists.c
Linking C executable cmTC_86edd
/home/tedro/.local/share/JetBrains/Toolbox/apps/CLion/ch-0/203.7148.70/bin/cmake/linux/bin/cmake -E cmake_link_script CMakeFiles/cmTC_86edd.dir/link.txt --verbose=1
/usr/bin/cc  -g -O0 -fprofile-arcs -ftest-coverage -DCHECK_FUNCTION_EXISTS=pthread_create    -rdynamic CMakeFiles/cmTC_86edd.dir/CheckFunctionExists.c.o  -o cmTC_86edd  -lpthreads 
/usr/bin/ld: cannot find -lpthreads
collect2: error: ld returned 1 exit status
make[1]: *** [CMakeFiles/cmTC_86edd.dir/build.make:107: cmTC_86edd] Error 1
make[1]: Leaving directory '/home/tedro/Desktop/D Projekty/VUT/1BIT/semester_2/IVS/proj1/assignment/cmake-build-debug/CMakeFiles/CMakeTmp'
make: *** [Makefile:141: cmTC_86edd/fast] Error 2



